<?xml version="1.0" encoding="UTF-8"?>
<testng-results skipped="0" failed="0" ignored="0" total="1" passed="1">
  <reporter-output>
  </reporter-output>
  <suite name="Mex" duration-ms="171" started-at="2017-06-09T06:34:06Z" finished-at="2017-06-09T06:34:06Z">
    <groups>
    </groups>
    <test name="Practice Grouping" duration-ms="171" started-at="2017-06-09T06:34:06Z" finished-at="2017-06-09T06:34:06Z">
      <class name="testcases.Test.Test_Listener">
        <test-method status="PASS" signature="beforeClass()[pri:0, instance:testcases.Test.Test_Listener@4439f31e]" name="beforeClass" is-config="true" duration-ms="9" started-at="2017-06-09T13:34:06Z" finished-at="2017-06-09T13:34:06Z">
          <reporter-output>
          </reporter-output>
        </test-method> <!-- beforeClass -->
        <test-method status="PASS" signature="main()[pri:0, instance:testcases.Test.Test_Listener@4439f31e]" name="main" duration-ms="6" started-at="2017-06-09T13:34:06Z" finished-at="2017-06-09T13:34:06Z">
          <reporter-output>
          </reporter-output>
        </test-method> <!-- main -->
        <test-method status="PASS" signature="beforeMethod()[pri:0, instance:testcases.Test.Test_Listener@4439f31e]" name="beforeMethod" is-config="true" duration-ms="0" started-at="2017-06-09T13:34:06Z" finished-at="2017-06-09T13:34:06Z">
          <reporter-output>
          </reporter-output>
        </test-method> <!-- beforeMethod -->
        <test-method status="PASS" signature="afterMethod()[pri:0, instance:testcases.Test.Test_Listener@4439f31e]" name="afterMethod" is-config="true" duration-ms="2" started-at="2017-06-09T13:34:06Z" finished-at="2017-06-09T13:34:06Z">
          <reporter-output>
          </reporter-output>
        </test-method> <!-- afterMethod -->
        <test-method status="PASS" signature="afterClass()[pri:0, instance:testcases.Test.Test_Listener@4439f31e]" name="afterClass" is-config="true" duration-ms="1" started-at="2017-06-09T13:34:06Z" finished-at="2017-06-09T13:34:06Z">
          <reporter-output>
          </reporter-output>
        </test-method> <!-- afterClass -->
      </class> <!-- testcases.Test.Test_Listener -->
    </test> <!-- Practice Grouping -->
  </suite> <!-- Mex -->
</testng-results>
